<?xml version="1.0" encoding="UTF-8"?>
<testng-results ignored="0" total="1" passed="1" failed="0" skipped="0">
  <reporter-output>
  </reporter-output>
  <suite started-at="2025-06-14T19:36:41 IST" name="Default suite" finished-at="2025-06-14T19:36:44 IST" duration-ms="2762">
    <groups>
    </groups>
    <test started-at="2025-06-14T19:36:41 IST" name="Default test" finished-at="2025-06-14T19:36:44 IST" duration-ms="2762">
      <class name="API_Automation.API_Automation_Project.excelDriven">
        <test-method signature="excelDrivenTest()[pri:0, instance:API_Automation.API_Automation_Project.excelDriven@7f0eb4b4]" started-at="2025-06-14T19:36:41 IST" name="excelDrivenTest" finished-at="2025-06-14T19:36:44 IST" duration-ms="2725" status="PASS">
          <reporter-output>
          </reporter-output>
        </test-method> <!-- excelDrivenTest -->
      </class> <!-- API_Automation.API_Automation_Project.excelDriven -->
    </test> <!-- Default test -->
  </suite> <!-- Default suite -->
</testng-results>
